# JRE version: OpenJDK Runtime Environment Corretto-11.0.18.10.1 (11.0.18+10) (build 11.0.18+10-LTS)
# Java VM: OpenJDK 64-Bit Server VM Corretto-11.0.18.10.1 (11.0.18+10-LTS, mixed mode, tiered, compressed oops, g1 gc, windows-amd64)
Heap:
 garbage-first heap   total 315392K, used 22536K [0x0000000701e00000, 0x0000000800000000)
  region size 1024K, 15 young (15360K), 15 survivors (15360K)
 Metaspace       used 58568K, capacity 60025K, committed 60080K, reserved 1101824K
  class space    used 7316K, capacity 7922K, committed 7936K, reserved 1048576K
GC Heap History (9 events):
Event: 0.679 GC heap before
{Heap before GC invocations=0 (full 0):
 garbage-first heap   total 262144K, used 25600K [0x0000000701e00000, 0x0000000800000000)
  region size 1024K, 24 young (24576K), 0 survivors (0K)
 Metaspace       used 12000K, capacity 12355K, committed 12544K, reserved 1060864K
  class space    used 1152K, capacity 1257K, committed 1280K, reserved 1048576K
}
Event: 0.686 GC heap after
{Heap after GC invocations=1 (full 0):
 garbage-first heap   total 262144K, used 7938K [0x0000000701e00000, 0x0000000800000000)
  region size 1024K, 3 young (3072K), 3 survivors (3072K)
 Metaspace       used 12000K, capacity 12355K, committed 12544K, reserved 1060864K
  class space    used 1152K, capacity 1257K, committed 1280K, reserved 1048576K
}
Event: 1.662 GC heap before
{Heap before GC invocations=1 (full 0):
 garbage-first heap   total 262144K, used 64258K [0x0000000701e00000, 0x0000000800000000)
  region size 1024K, 59 young (60416K), 3 survivors (3072K)
 Metaspace       used 20536K, capacity 21251K, committed 21296K, reserved 1069056K
  class space    used 2258K, capacity 2557K, committed 2560K, reserved 1048576K
}
Event: 1.668 GC heap after
{Heap after GC invocations=2 (full 0):
 garbage-first heap   total 262144K, used 10066K [0x0000000701e00000, 0x0000000800000000)
  region size 1024K, 6 young (6144K), 6 survivors (6144K)
 Metaspace       used 20536K, capacity 21251K, committed 21296K, reserved 1069056K
  class space    used 2258K, capacity 2557K, committed 2560K, reserved 1048576K
}
Event: 2.404 GC heap before
{Heap before GC invocations=3 (full 0):
 garbage-first heap   total 262144K, used 66386K [0x0000000701e00000, 0x0000000800000000)
  region size 1024K, 61 young (62464K), 6 survivors (6144K)
 Metaspace       used 28806K, capacity 29752K, committed 29824K, reserved 1075200K
  class space    used 3290K, capacity 3693K, committed 3712K, reserved 1048576K
}
Event: 2.411 GC heap after
{Heap after GC invocations=4 (full 0):
 garbage-first heap   total 262144K, used 12118K [0x0000000701e00000, 0x0000000800000000)
  region size 1024K, 5 young (5120K), 5 survivors (5120K)
 Metaspace       used 28806K, capacity 29752K, committed 29824K, reserved 1075200K
  class space    used 3290K, capacity 3693K, committed 3712K, reserved 1048576K
}
Event: 3.512 GC heap before
{Heap before GC invocations=4 (full 0):
 garbage-first heap   total 262144K, used 87894K [0x0000000701e00000, 0x0000000800000000)
  region size 1024K, 80 young (81920K), 5 survivors (5120K)
 Metaspace       used 34620K, capacity 35778K, committed 35920K, reserved 1081344K
  class space    used 4030K, capacity 4480K, committed 4480K, reserved 1048576K
}
Event: 3.522 GC heap after
{Heap after GC invocations=5 (full 0):
 garbage-first heap   total 262144K, used 14705K [0x0000000701e00000, 0x0000000800000000)
  region size 1024K, 7 young (7168K), 7 survivors (7168K)
 Metaspace       used 34620K, capacity 35778K, committed 35920K, reserved 1081344K
  class space    used 4030K, capacity 4480K, committed 4480K, reserved 1048576K
}
Event: 6.706 GC heap before
{Heap before GC invocations=6 (full 0):
 garbage-first heap   total 262144K, used 151921K [0x0000000701e00000, 0x0000000800000000)
  region size 1024K, 142 young (145408K), 7 survivors (7168K)
 Metaspace       used 58568K, capacity 60025K, committed 60080K, reserved 1101824K
  class space    used 7316K, capacity 7922K, committed 7936K, reserved 1048576K
}

