# JRE version: OpenJDK Runtime Environment Corretto-11.0.18.10.1 (11.0.18+10) (build 11.0.18+10-LTS)
# Java VM: OpenJDK 64-Bit Server VM Corretto-11.0.18.10.1 (11.0.18+10-LTS, mixed mode, tiered, compressed oops, g1 gc, windows-amd64)
Heap:
 garbage-first heap   total 262144K, used 43296K [0x0000000701e00000, 0x0000000800000000)
  region size 1024K, 36 young (36864K), 4 survivors (4096K)
 Metaspace       used 29878K, capacity 30855K, committed 30976K, reserved 1077248K
  class space    used 3409K, capacity 3828K, committed 3840K, reserved 1048576K
GC Heap History (6 events):
Event: 0.712 GC heap before
{Heap before GC invocations=0 (full 0):
 garbage-first heap   total 262144K, used 24576K [0x0000000701e00000, 0x0000000800000000)
  region size 1024K, 24 young (24576K), 0 survivors (0K)
 Metaspace       used 12030K, capacity 12360K, committed 12544K, reserved 1060864K
  class space    used 1153K, capacity 1259K, committed 1280K, reserved 1048576K
}
Event: 0.719 GC heap after
{Heap after GC invocations=1 (full 0):
 garbage-first heap   total 262144K, used 7667K [0x0000000701e00000, 0x0000000800000000)
  region size 1024K, 3 young (3072K), 3 survivors (3072K)
 Metaspace       used 12030K, capacity 12360K, committed 12544K, reserved 1060864K
  class space    used 1153K, capacity 1259K, committed 1280K, reserved 1048576K
}
Event: 1.602 GC heap before
{Heap before GC invocations=1 (full 0):
 garbage-first heap   total 262144K, used 63987K [0x0000000701e00000, 0x0000000800000000)
  region size 1024K, 59 young (60416K), 3 survivors (3072K)
 Metaspace       used 20484K, capacity 21207K, committed 21248K, reserved 1069056K
  class space    used 2244K, capacity 2520K, committed 2560K, reserved 1048576K
}
Event: 1.610 GC heap after
{Heap after GC invocations=2 (full 0):
 garbage-first heap   total 262144K, used 10220K [0x0000000701e00000, 0x0000000800000000)
  region size 1024K, 6 young (6144K), 6 survivors (6144K)
 Metaspace       used 20484K, capacity 21207K, committed 21248K, reserved 1069056K
  class space    used 2244K, capacity 2520K, committed 2560K, reserved 1048576K
}
Event: 2.183 GC heap before
{Heap before GC invocations=3 (full 0):
 garbage-first heap   total 262144K, used 53228K [0x0000000701e00000, 0x0000000800000000)
  region size 1024K, 48 young (49152K), 6 survivors (6144K)
 Metaspace       used 27455K, capacity 28359K, committed 28672K, reserved 1075200K
  class space    used 3118K, capacity 3460K, committed 3584K, reserved 1048576K
}
Event: 2.188 GC heap after
{Heap after GC invocations=4 (full 0):
 garbage-first heap   total 262144K, used 11552K [0x0000000701e00000, 0x0000000800000000)
  region size 1024K, 4 young (4096K), 4 survivors (4096K)
 Metaspace       used 27455K, capacity 28359K, committed 28672K, reserved 1075200K
  class space    used 3118K, capacity 3460K, committed 3584K, reserved 1048576K
}

